[debug] [2025-03-12T04:10:30.962Z] ----------------------------------------------------------------------
[debug] [2025-03-12T04:10:30.982Z] Command:       C:\Program Files\nodejs\node.exe C:\Users\nanab\AppData\Roaming\npm\node_modules\firebase-tools\lib\bin\firebase.js init hosting
[debug] [2025-03-12T04:10:30.983Z] CLI Version:   13.34.0
[debug] [2025-03-12T04:10:30.983Z] Platform:      win32
[debug] [2025-03-12T04:10:30.983Z] Node Version:  v22.13.1
[debug] [2025-03-12T04:10:30.984Z] Time:          Wed Mar 12 2025 09:40:30 GMT+0530 (India Standard Time)
[debug] [2025-03-12T04:10:30.985Z] ----------------------------------------------------------------------
[debug] 
[debug] [2025-03-12T04:10:31.011Z] > command requires scopes: ["email","openid","https://www.googleapis.com/auth/cloudplatformprojects.readonly","https://www.googleapis.com/auth/firebase","https://www.googleapis.com/auth/cloud-platform"]
[debug] [2025-03-12T04:10:31.012Z] > authorizing via signed-in user (nanaboinanagaraju6@gmail.com)
[info] 
     ######## #### ########  ######## ########     ###     ######  ########
     ##        ##  ##     ## ##       ##     ##  ##   ##  ##       ##
     ######    ##  ########  ######   ########  #########  ######  ######
     ##        ##  ##    ##  ##       ##     ## ##     ##       ## ##
     ##       #### ##     ## ######## ########  ##     ##  ######  ########

You're about to initialize a Firebase project in this directory:

  C:\Users\nanab\OneDrive\Desktop\agri\kpay

[info] 
=== Project Setup
[info] 
[info] First, let's associate this project directory with a Firebase project.
[info] You can create multiple project aliases by running firebase use --add, 
[info] but for now we'll just set up a default project.
[info] 
